<?xml version="1.0" encoding="UTF-8"?>
<testsuite xmlns:xsi="http://www.w3.org/2001/XMLSchema-instance" xsi:noNamespaceSchemaLocation="https://maven.apache.org/surefire/maven-surefire-plugin/xsd/surefire-test-report-3.0.xsd" version="3.0" name="izly.PurseUnitTest" time="2.239" tests="9" errors="0" skipped="0" failures="0">
  <properties>
[...]
</properties>
  <testcase name="testDebitRejeteSurCodeFaux" classname="izly.PurseUnitTest" time="2.074">
    <system-err><![CDATA[Mockito is currently self-attaching to enable the inline-mock-maker. This will no longer work in future releases of the JDK. Please add Mockito as an agent to your build as described in Mockito's documentation: https://javadoc.io/doc/org.mockito/mockito-core/latest/org/mockito/Mockito.html#0.3
WARNING: A Java agent has been loaded dynamically (C:\Users\flory\.m2\repository\net\bytebuddy\byte-buddy-agent\1.15.11\byte-buddy-agent-1.15.11.jar)
WARNING: If a serviceability tool is in use, please run with -XX:+EnableDynamicAgentLoading to hide this warning
WARNING: If a serviceability tool is not in use, please run with -Djdk.instrument.traceUsage for more information
WARNING: Dynamic loading of agents will be disallowed by default in a future release
]]></system-err>
  </testcase>
  <testcase name="testDebit" classname="izly.PurseUnitTest" time="0.026"/>
  <testcase name="testDureeDeVie" classname="izly.PurseUnitTest" time="0.012"/>
  <testcase name="testCreditRejeteSurCodeBloque" classname="izly.PurseUnitTest" time="0.012"/>
  <testcase name="testMontantNegatifInterdit" classname="izly.PurseUnitTest" time="0.011"/>
  <testcase name="testSoldeJamaisSuperieurAuPlafond" classname="izly.PurseUnitTest" time="0.011"/>
  <testcase name="testDebitRejeteSurCodeBloque" classname="izly.PurseUnitTest" time="0.01"/>
  <testcase name="testCredit" classname="izly.PurseUnitTest" time="0.006"/>
  <testcase name="testSoldeJamaisNegatif" classname="izly.PurseUnitTest" time="0.014"/>
</testsuite>